     0>Search paths being used for $(MSBuildExtensionsPath) are C:\Program Files (x86)\Microsoft Visual Studio\2019\Community\MSBuild;$(MSBuildProgramFiles32)\MSBuild
       Trying to import C:\Program Files (x86)\Microsoft Visual Studio\2019\Community\MSBuild\$(MSBuildToolsVersion)\Microsoft.Common.props using extensions path C:\Program Files (x86)\Microsoft Visual Studio\2019\Community\MSBuild
       Property reassignment: $(MSBuildProjectExtensionsPath)="C:\Users\Emi\Desktop\SNHU\21EW2\CS-330\Project\Project\obj\" (previous value: "obj\") at C:\Program Files (x86)\Microsoft Visual Studio\2019\Community\MSBuild\Current\Microsoft.Common.props (57,5)
       Search paths being used for $(MSBuildExtensionsPath) are C:\Program Files (x86)\Microsoft Visual Studio\2019\Community\MSBuild;$(MSBuildProgramFiles32)\MSBuild
       Trying to import C:\Program Files (x86)\Microsoft Visual Studio\2019\Community\MSBuild\$(MSBuildToolsVersion)\Imports\Microsoft.Common.props\ImportBefore\* using extensions path C:\Program Files (x86)\Microsoft Visual Studio\2019\Community\MSBuild
       Search paths being used for $(MSBuildExtensionsPath) are C:\Program Files (x86)\Microsoft Visual Studio\2019\Community\MSBuild;$(MSBuildProgramFiles32)\MSBuild
       The "Configuration" property is a global property, and cannot be modified.
       Search paths being used for $(MSBuildExtensionsPath) are C:\Program Files (x86)\Microsoft Visual Studio\2019\Community\MSBuild;$(MSBuildProgramFiles32)\MSBuild
       Search paths being used for $(MSBuildExtensionsPath) are C:\Program Files (x86)\Microsoft Visual Studio\2019\Community\MSBuild;$(MSBuildProgramFiles32)\MSBuild
       The "Configuration" property is a global property, and cannot be modified.
       Property reassignment: $(PlatformToolset)="v100" (previous value: "") at C:\Program Files (x86)\Microsoft Visual Studio\2019\Community\MSBuild\Microsoft\VC\v160\Platforms\Win32\Platform.Default.props (29,5)
       The "LangID" property is a global property, and cannot be modified.
       The "SolutionDir" property is a global property, and cannot be modified.
       Property reassignment: $(UseDebugLibraries)="true" (previous value: "false") at C:\Users\Emi\Desktop\SNHU\21EW2\CS-330\Project\Project\Project.vcxproj (48,5)
       Property reassignment: $(PlatformToolset)="v142" (previous value: "v100") at C:\Users\Emi\Desktop\SNHU\21EW2\CS-330\Project\Project\Project.vcxproj (49,5)
       Property reassignment: $(CharacterSet)="Unicode" (previous value: "NotSet") at C:\Users\Emi\Desktop\SNHU\21EW2\CS-330\Project\Project\Project.vcxproj (50,5)
       Property reassignment: $(NETFXSDK_Version)="4.7.3" (previous value: "4.8") at C:\Program Files (x86)\Microsoft Visual Studio\2019\Community\MSBuild\Microsoft\VC\v160\Microsoft.Cpp.WindowsSDK.props (46,5)
       Property reassignment: $(NETFXSDK_Version)="4.7.2" (previous value: "4.7.3") at C:\Program Files (x86)\Microsoft Visual Studio\2019\Community\MSBuild\Microsoft\VC\v160\Microsoft.Cpp.WindowsSDK.props (56,5)
       Property reassignment: $(NETFXSDK_Version)="4.7.1" (previous value: "4.7.2") at C:\Program Files (x86)\Microsoft Visual Studio\2019\Community\MSBuild\Microsoft\VC\v160\Microsoft.Cpp.WindowsSDK.props (66,5)
       Property reassignment: $(NETFXSDK_Version)="4.6.2" (previous value: "4.7.1") at C:\Program Files (x86)\Microsoft Visual Studio\2019\Community\MSBuild\Microsoft\VC\v160\Microsoft.Cpp.WindowsSDK.props (76,5)
       Property reassignment: $(NETFXSDK_Version)="4.6.1" (previous value: "4.6.2") at C:\Program Files (x86)\Microsoft Visual Studio\2019\Community\MSBuild\Microsoft\VC\v160\Microsoft.Cpp.WindowsSDK.props (86,5)
       Property reassignment: $(TargetExt)=".exe" (previous value: "") at C:\Program Files (x86)\Microsoft Visual Studio\2019\Community\MSBuild\Microsoft\VC\v160\Microsoft.Cpp.Common.props (28,5)
       Property reassignment: $(VC_ExecutablePath_Loc)="C:\Program Files (x86)\Microsoft Visual Studio\2019\Community\VC\Tools\MSVC\14.29.30133\bin\HostX64\x64\1033;C:\Program Files (x86)\Microsoft Visual Studio\2019\Community\VC\Tools\MSVC\14.29.30133\bin\HostX64\x86\1033;;;" (previous value: "C:\Program Files (x86)\Microsoft Visual Studio\2019\Community\VC\Tools\MSVC\14.29.30133\bin\HostX64\x86\1033;;") at C:\Program Files (x86)\Microsoft Visual Studio\2019\Community\MSBuild\Microsoft\VC\v160\Microsoft.Cpp.Common.props (94,5)
       Property reassignment: $(VC_ExecutablePath_Loc)="C:\Program Files (x86)\Microsoft Visual Studio\2019\Community\VC\Tools\MSVC\14.29.30133\bin\HostX64\arm\1033;C:\Program Files (x86)\Microsoft Visual Studio\2019\Community\VC\Tools\MSVC\14.29.30133\bin\HostX64\x64\1033;C:\Program Files (x86)\Microsoft Visual Studio\2019\Community\VC\Tools\MSVC\14.29.30133\bin\HostX64\x86\1033;;;;" (previous value: "C:\Program Files (x86)\Microsoft Visual Studio\2019\Community\VC\Tools\MSVC\14.29.30133\bin\HostX64\x64\1033;C:\Program Files (x86)\Microsoft Visual Studio\2019\Community\VC\Tools\MSVC\14.29.30133\bin\HostX64\x86\1033;;;") at C:\Program Files (x86)\Microsoft Visual Studio\2019\Community\MSBuild\Microsoft\VC\v160\Microsoft.Cpp.Common.props (95,5)
       Property reassignment: $(VC_ExecutablePath_Loc)="C:\Program Files (x86)\Microsoft Visual Studio\2019\Community\VC\Tools\MSVC\14.29.30133\bin\HostX64\arm64\1033;C:\Program Files (x86)\Microsoft Visual Studio\2019\Community\VC\Tools\MSVC\14.29.30133\bin\HostX64\arm\1033;C:\Program Files (x86)\Microsoft Visual Studio\2019\Community\VC\Tools\MSVC\14.29.30133\bin\HostX64\x64\1033;C:\Program Files (x86)\Microsoft Visual Studio\2019\Community\VC\Tools\MSVC\14.29.30133\bin\HostX64\x86\1033;;;;;" (previous value: "C:\Program Files (x86)\Microsoft Visual Studio\2019\Community\VC\Tools\MSVC\14.29.30133\bin\HostX64\arm\1033;C:\Program Files (x86)\Microsoft Visual Studio\2019\Community\VC\Tools\MSVC\14.29.30133\bin\HostX64\x64\1033;C:\Program Files (x86)\Microsoft Visual Studio\2019\Community\VC\Tools\MSVC\14.29.30133\bin\HostX64\x86\1033;;;;") at C:\Program Files (x86)\Microsoft Visual Studio\2019\Community\MSBuild\Microsoft\VC\v160\Microsoft.Cpp.Common.props (96,5)
       Property reassignment: $(VC_ExecutablePath_Loc)="C:\Program Files (x86)\Microsoft Visual Studio\2019\Community\VC\Tools\MSVC\14.29.30133\bin\HostX86\x86\1033;C:\Program Files (x86)\Microsoft Visual Studio\2019\Community\VC\Tools\MSVC\14.29.30133\bin\HostX64\arm64\1033;C:\Program Files (x86)\Microsoft Visual Studio\2019\Community\VC\Tools\MSVC\14.29.30133\bin\HostX64\arm\1033;C:\Program Files (x86)\Microsoft Visual Studio\2019\Community\VC\Tools\MSVC\14.29.30133\bin\HostX64\x64\1033;C:\Program Files (x86)\Microsoft Visual Studio\2019\Community\VC\Tools\MSVC\14.29.30133\bin\HostX64\x86\1033;;;;;;" (previous value: "C:\Program Files (x86)\Microsoft Visual Studio\2019\Community\VC\Tools\MSVC\14.29.30133\bin\HostX64\arm64\1033;C:\Program Files (x86)\Microsoft Visual Studio\2019\Community\VC\Tools\MSVC\14.29.30133\bin\HostX64\arm\1033;C:\Program Files (x86)\Microsoft Visual Studio\2019\Community\VC\Tools\MSVC\14.29.30133\bin\HostX64\x64\1033;C:\Program Files (x86)\Microsoft Visual Studio\2019\Community\VC\Tools\MSVC\14.29.30133\bin\HostX64\x86\1033;;;;;") at C:\Program Files (x86)\Microsoft Visual Studio\2019\Community\MSBuild\Microsoft\VC\v160\Microsoft.Cpp.Common.props (97,5)
       Property reassignment: $(VC_ExecutablePath_Loc)="C:\Program Files (x86)\Microsoft Visual Studio\2019\Community\VC\Tools\MSVC\14.29.30133\bin\HostX86\x64\1033;C:\Program Files (x86)\Microsoft Visual Studio\2019\Community\VC\Tools\MSVC\14.29.30133\bin\HostX86\x86\1033;C:\Program Files (x86)\Microsoft Visual Studio\2019\Community\VC\Tools\MSVC\14.29.30133\bin\HostX64\arm64\1033;C:\Program Files (x86)\Microsoft Visual Studio\2019\Community\VC\Tools\MSVC\14.29.30133\bin\HostX64\arm\1033;C:\Program Files (x86)\Microsoft Visual Studio\2019\Community\VC\Tools\MSVC\14.29.30133\bin\HostX64\x64\1033;C:\Program Files (x86)\Microsoft Visual Studio\2019\Community\VC\Tools\MSVC\14.29.30133\bin\HostX64\x86\1033;;;;;;;" (previous value: "C:\Program Files (x86)\Microsoft Visual Studio\2019\Community\VC\Tools\MSVC\14.29.30133\bin\HostX86\x86\1033;C:\Program Files (x86)\Microsoft Visual Studio\2019\Community\VC\Tools\MSVC\14.29.30133\bin\HostX64\arm64\1033;C:\Program Files (x86)\Microsoft Visual Studio\2019\Community\VC\Tools\MSVC\14.29.30133\bin\HostX64\arm\1033;C:\Program Files (x86)\Microsoft Visual Studio\2019\Community\VC\Tools\MSVC\14.29.30133\bin\HostX64\x64\1033;C:\Program Files (x86)\Microsoft Visual Studio\2019\Community\VC\Tools\MSVC\14.29.30133\bin\HostX64\x86\1033;;;;;;") at C:\Program Files (x86)\Microsoft Visual Studio\2019\Community\MSBuild\Microsoft\VC\v160\Microsoft.Cpp.Common.props (98,5)
       Property reassignment: $(VC_ExecutablePath_Loc)="C:\Program Files (x86)\Microsoft Visual Studio\2019\Community\VC\Tools\MSVC\14.29.30133\bin\HostX86\arm64\1033;C:\Program Files (x86)\Microsoft Visual Studio\2019\Community\VC\Tools\MSVC\14.29.30133\bin\HostX86\x64\1033;C:\Program Files (x86)\Microsoft Visual Studio\2019\Community\VC\Tools\MSVC\14.29.30133\bin\HostX86\x86\1033;C:\Program Files (x86)\Microsoft Visual Studio\2019\Community\VC\Tools\MSVC\14.29.30133\bin\HostX64\arm64\1033;C:\Program Files (x86)\Microsoft Visual Studio\2019\Community\VC\Tools\MSVC\14.29.30133\bin\HostX64\arm\1033;C:\Program Files (x86)\Microsoft Visual Studio\2019\Community\VC\Tools\MSVC\14.29.30133\bin\HostX64\x64\1033;C:\Program Files (x86)\Microsoft Visual Studio\2019\Community\VC\Tools\MSVC\14.29.30133\bin\HostX64\x86\1033;;;;;;;;" (previous value: "C:\Program Files (x86)\Microsoft Visual Studio\2019\Community\VC\Tools\MSVC\14.29.30133\bin\HostX86\x64\1033;C:\Program Files (x86)\Microsoft Visual Studio\2019\Community\VC\Tools\MSVC\14.29.30133\bin\HostX86\x86\1033;C:\Program Files (x86)\Microsoft Visual Studio\2019\Community\VC\Tools\MSVC\14.29.30133\bin\HostX64\arm64\1033;C:\Program Files (x86)\Microsoft Visual Studio\2019\Community\VC\Tools\MSVC\14.29.30133\bin\HostX64\arm\1033;C:\Program Files (x86)\Microsoft Visual Studio\2019\Community\VC\Tools\MSVC\14.29.30133\bin\HostX64\x64\1033;C:\Program Files (x86)\Microsoft Visual Studio\2019\Community\VC\Tools\MSVC\14.29.30133\bin\HostX64\x86\1033;;;;;;;") at C:\Program Files (x86)\Microsoft Visual Studio\2019\Community\MSBuild\Microsoft\VC\v160\Microsoft.Cpp.Common.props (99,5)
       Property reassignment: $(RemoteDebuggerDeployDebugCppRuntime)="true" (previous value: "false") at C:\Program Files (x86)\Microsoft Visual Studio\2019\Community\MSBuild\Microsoft\VC\v160\Microsoft.Cpp.Common.props (149,5)
       Property reassignment: $(MultiProcMaxCount)="0" (previous value: "") at C:\Program Files (x86)\Microsoft Visual Studio\2019\Community\MSBuild\Microsoft\VC\v160\Microsoft.Cpp.Common.props (207,5)
       Property reassignment: $(EspXtensions)="EnumIndex.dll;CppCoreCheck.dll;" (previous value: "CppCoreCheck.dll;") at C:\Program Files (x86)\Microsoft Visual Studio\2019\Community\MSBuild\Microsoft\VC\v160\Microsoft.CodeAnalysis.Extensions.props (21,5)
       Property reassignment: $(EspXtensions)="HResultCheck.dll;EnumIndex.dll;CppCoreCheck.dll;" (previous value: "EnumIndex.dll;CppCoreCheck.dll;") at C:\Program Files (x86)\Microsoft Visual Studio\2019\Community\MSBuild\Microsoft\VC\v160\Microsoft.CodeAnalysis.Extensions.props (24,5)
       Property reassignment: $(EspXtensions)="VariantClear.dll;HResultCheck.dll;EnumIndex.dll;CppCoreCheck.dll;" (previous value: "HResultCheck.dll;EnumIndex.dll;CppCoreCheck.dll;") at C:\Program Files (x86)\Microsoft Visual Studio\2019\Community\MSBuild\Microsoft\VC\v160\Microsoft.CodeAnalysis.Extensions.props (27,5)
       Property reassignment: $(EspXtensions)="ConcurrencyCheck.dll;VariantClear.dll;HResultCheck.dll;EnumIndex.dll;CppCoreCheck.dll;" (previous value: "VariantClear.dll;HResultCheck.dll;EnumIndex.dll;CppCoreCheck.dll;") at C:\Program Files (x86)\Microsoft Visual Studio\2019\Community\MSBuild\Microsoft\VC\v160\Microsoft.CodeAnalysis.Extensions.props (32,5)
       Property reassignment: $(MsvcAnalysisToolsPath)="C:\Program Files (x86)\Microsoft Visual Studio\2019\Community\VC\Tools\MSVC\14.29.30133\bin\HostX86\x86" (previous value: "C:\Program Files (x86)\Microsoft Visual Studio\2019\Community\VC\Tools\MSVC\14.29.30133\bin\HostX64\x86") at C:\Program Files (x86)\Microsoft Visual Studio\2019\Community\MSBuild\Microsoft\VC\v160\Microsoft.Cpp.Analysis.props (28,5)
       Property reassignment: $(_PropertySheetDisplayName)="Unicode Support" (previous value: "Core Windows Libraries") at C:\Program Files (x86)\Microsoft Visual Studio\2019\Community\MSBuild\Microsoft\VC\v160\Microsoft.Cpp.unicodesupport.props (15,5)
       Property reassignment: $(_PropertySheetDisplayName)="Application" (previous value: "Unicode Support") at C:\Program Files (x86)\Microsoft Visual Studio\2019\Community\MSBuild\Microsoft\VC\v160\Microsoft.Cpp.Application.props (15,5)
       Property reassignment: $(IncludePath)="C:\Users\Emi\Desktop\SNHU\21EW2\CS-330\OpenGL\glm;C:\Users\Emi\Desktop\SNHU\21EW2\CS-330\OpenGL\GLFW\include;C:\Users\Emi\Desktop\SNHU\21EW2\CS-330\OpenGL\GLEW\include;C:\Users\Emi\Desktop\SNHU\21EW2\CS-330\OpenGL\GLAD;C:\Program Files (x86)\Microsoft Visual Studio\2019\Community\VC\Tools\MSVC\14.29.30133\include;;C:\Program Files (x86)\Microsoft Visual Studio\2019\Community\VC\Tools\MSVC\14.29.30133\atlmfc\include;;C:\Program Files (x86)\Microsoft Visual Studio\2019\Community\VC\Auxiliary\VS\include;;C:\Program Files (x86)\Windows Kits\10\Include\10.0.19041.0\ucrt;;;C:\Program Files (x86)\Windows Kits\10\Include\10.0.19041.0\um;C:\Program Files (x86)\Windows Kits\10\Include\10.0.19041.0\shared;C:\Program Files (x86)\Windows Kits\10\Include\10.0.19041.0\winrt;C:\Program Files (x86)\Windows Kits\10\Include\10.0.19041.0\cppwinrt;Include\um;" (previous value: "C:\Program Files (x86)\Microsoft Visual Studio\2019\Community\VC\Tools\MSVC\14.29.30133\include;;C:\Program Files (x86)\Microsoft Visual Studio\2019\Community\VC\Tools\MSVC\14.29.30133\atlmfc\include;;C:\Program Files (x86)\Microsoft Visual Studio\2019\Community\VC\Auxiliary\VS\include;;C:\Program Files (x86)\Windows Kits\10\Include\10.0.19041.0\ucrt;;;C:\Program Files (x86)\Windows Kits\10\Include\10.0.19041.0\um;C:\Program Files (x86)\Windows Kits\10\Include\10.0.19041.0\shared;C:\Program Files (x86)\Windows Kits\10\Include\10.0.19041.0\winrt;C:\Program Files (x86)\Windows Kits\10\Include\10.0.19041.0\cppwinrt;Include\um;") at C:\Users\Emi\Desktop\SNHU\21EW2\CS-330\Project\Project\Project.vcxproj (92,5)
       Property reassignment: $(LibraryPath)="C:\Users\Emi\Desktop\SNHU\21EW2\CS-330\OpenGL\GLFW\lib-vc2019;C:\Users\Emi\Desktop\SNHU\21EW2\CS-330\OpenGL\GLEW\lib\Release\Win32;C:\Program Files (x86)\Microsoft Visual Studio\2019\Community\VC\Tools\MSVC\14.29.30133\lib\x86;;C:\Program Files (x86)\Microsoft Visual Studio\2019\Community\VC\Tools\MSVC\14.29.30133\atlmfc\lib\x86;;C:\Program Files (x86)\Microsoft Visual Studio\2019\Community\VC\Auxiliary\VS\lib\x86;;C:\Program Files (x86)\Windows Kits\10\lib\10.0.19041.0\ucrt\x86;;;C:\Program Files (x86)\Windows Kits\10\lib\10.0.19041.0\um\x86;lib\um\x86;" (previous value: "C:\Program Files (x86)\Microsoft Visual Studio\2019\Community\VC\Tools\MSVC\14.29.30133\lib\x86;;C:\Program Files (x86)\Microsoft Visual Studio\2019\Community\VC\Tools\MSVC\14.29.30133\atlmfc\lib\x86;;C:\Program Files (x86)\Microsoft Visual Studio\2019\Community\VC\Auxiliary\VS\lib\x86;;C:\Program Files (x86)\Windows Kits\10\lib\10.0.19041.0\ucrt\x86;;;C:\Program Files (x86)\Windows Kits\10\lib\10.0.19041.0\um\x86;lib\um\x86;") at C:\Users\Emi\Desktop\SNHU\21EW2\CS-330\Project\Project\Project.vcxproj (93,5)
       The "SolutionExt" property is a global property, and cannot be modified.
       Property reassignment: $(ExtensionsToDeleteOnClean)="*.cdf;*.cache;*.obj;*.obj.enc;*.ilk;*.ipdb;*.iobj;*.resources;*.tlb;*.tli;*.tlh;*.tmp;*.rsp;*.pgc;*.pgd;*.meta;*.tlog;*.manifest;*.res;*.pch;*.exp;*.idb;*.rep;*.xdc;*.pdb;*_manifest.rc;*.bsc;*.sbr;*.xml;*.metagen;*.bi;C:\Users\Emi\Desktop\SNHU\21EW2\CS-330\Project\Debug\Project.exe.manifest;C:\Users\Emi\Desktop\SNHU\21EW2\CS-330\Project\Debug\Project.tlb;C:\Users\Emi\Desktop\SNHU\21EW2\CS-330\Project\Debug\Project.pdb;C:\Users\Emi\Desktop\SNHU\21EW2\CS-330\Project\Debug\Project.exe;C:\Users\Emi\Desktop\SNHU\21EW2\CS-330\Project\Debug\Project.bsc;C:\Users\Emi\Desktop\SNHU\21EW2\CS-330\Project\Debug\Project.ilk;C:\Users\Emi\Desktop\SNHU\21EW2\CS-330\Project\Debug\Project.exe.intermediate.manifest;" (previous value: "*.cdf;*.cache;*.obj;*.obj.enc;*.ilk;*.ipdb;*.iobj;*.resources;*.tlb;*.tli;*.tlh;*.tmp;*.rsp;*.pgc;*.pgd;*.meta;*.tlog;*.manifest;*.res;*.pch;*.exp;*.idb;*.rep;*.xdc;*.pdb;*_manifest.rc;*.bsc;*.sbr;*.xml;*.metagen;*.bi") at C:\Program Files (x86)\Microsoft Visual Studio\2019\Community\MSBuild\Microsoft\VC\v160\Microsoft.CppCommon.targets (38,5)
       Search paths being used for $(MSBuildExtensionsPath) are C:\Program Files (x86)\Microsoft Visual Studio\2019\Community\MSBuild;$(MSBuildProgramFiles32)\MSBuild
       Search paths being used for $(MSBuildExtensionsPath) are C:\Program Files (x86)\Microsoft Visual Studio\2019\Community\MSBuild;$(MSBuildProgramFiles32)\MSBuild
       Search paths being used for $(MSBuildExtensionsPath) are C:\Program Files (x86)\Microsoft Visual Studio\2019\Community\MSBuild;$(MSBuildProgramFiles32)\MSBuild
       Search paths being used for $(MSBuildExtensionsPath) are C:\Program Files (x86)\Microsoft Visual Studio\2019\Community\MSBuild;$(MSBuildProgramFiles32)\MSBuild
       The "Configuration" property is a global property, and cannot be modified.
       Property reassignment: $(_DocumentationFileProduced)="false" (previous value: "true") at C:\Program Files (x86)\Microsoft Visual Studio\2019\Community\MSBuild\Current\Bin\Microsoft.Common.CurrentVersion.targets (186,5)
       The "DevEnvDir" property is a global property, and cannot be modified.
       The "SolutionName" property is a global property, and cannot be modified.
       The "SolutionFileName" property is a global property, and cannot be modified.
       The "SolutionPath" property is a global property, and cannot be modified.
       The "SolutionDir" property is a global property, and cannot be modified.
       The "SolutionExt" property is a global property, and cannot be modified.
       Property reassignment: $(AutoUnifyAssemblyReferences)="false" (previous value: "true") at C:\Program Files (x86)\Microsoft Visual Studio\2019\Community\MSBuild\Current\Bin\Microsoft.Common.CurrentVersion.targets (369,5)
       Property reassignment: $(DelaySign)="" (previous value: "false") at C:\Program Files (x86)\Microsoft Visual Studio\2019\Community\MSBuild\Current\Bin\Microsoft.Common.CurrentVersion.targets (558,5)
       Property reassignment: $(_SGenGenerateSerializationAssembliesConfig)="Auto" (previous value: "") at C:\Program Files (x86)\Microsoft Visual Studio\2019\Community\MSBuild\Current\Bin\Microsoft.Common.CurrentVersion.targets (3612,5)
       Property reassignment: $(_SGenGenerateSerializationAssembliesConfig)="Off" (previous value: "Auto") at C:\Program Files (x86)\Microsoft Visual Studio\2019\Community\MSBuild\Current\Bin\Microsoft.Common.CurrentVersion.targets (3613,5)
       Property reassignment: $(_CodeAnalysisTreatWarningsAsErrors)="false" (previous value: "") at C:\Program Files (x86)\Microsoft Visual Studio\2019\Community\MSBuild\Microsoft\VisualStudio\v16.0\CodeAnalysis\Microsoft.CodeAnalysis.targets (125,5)
       Property reassignment: $(CAExcludePath)="C:\Program Files (x86)\Windows Kits\10\Include\10.0.19041.0\ucrt;;C:\Program Files (x86)\Windows Kits\10\Include\10.0.19041.0\um;C:\Program Files (x86)\Windows Kits\10\Include\10.0.19041.0\shared;C:\Program Files (x86)\Windows Kits\10\Include\10.0.19041.0\winrt;C:\Program Files (x86)\Windows Kits\10\Include\10.0.19041.0\cppwinrt;Include\um;" (previous value: "C:\Program Files (x86)\Windows Kits\10\Include\10.0.19041.0\um;C:\Program Files (x86)\Windows Kits\10\Include\10.0.19041.0\shared;C:\Program Files (x86)\Windows Kits\10\Include\10.0.19041.0\winrt;C:\Program Files (x86)\Windows Kits\10\Include\10.0.19041.0\cppwinrt;Include\um;") at C:\Program Files (x86)\Microsoft Visual Studio\2019\Community\MSBuild\Microsoft\VisualStudio\v16.0\CodeAnalysis\Microsoft.CodeAnalysis.targets (235,5)
       Property reassignment: $(CAExcludePath)="C:\Program Files (x86)\Microsoft Visual Studio\2019\Community\VC\Tools\MSVC\14.29.30133\include;C:\Program Files (x86)\Windows Kits\10\Include\10.0.19041.0\ucrt;;C:\Program Files (x86)\Windows Kits\10\Include\10.0.19041.0\um;C:\Program Files (x86)\Windows Kits\10\Include\10.0.19041.0\shared;C:\Program Files (x86)\Windows Kits\10\Include\10.0.19041.0\winrt;C:\Program Files (x86)\Windows Kits\10\Include\10.0.19041.0\cppwinrt;Include\um;" (previous value: "C:\Program Files (x86)\Windows Kits\10\Include\10.0.19041.0\ucrt;;C:\Program Files (x86)\Windows Kits\10\Include\10.0.19041.0\um;C:\Program Files (x86)\Windows Kits\10\Include\10.0.19041.0\shared;C:\Program Files (x86)\Windows Kits\10\Include\10.0.19041.0\winrt;C:\Program Files (x86)\Windows Kits\10\Include\10.0.19041.0\cppwinrt;Include\um;") at C:\Program Files (x86)\Microsoft Visual Studio\2019\Community\MSBuild\Microsoft\VisualStudio\v16.0\CodeAnalysis\Microsoft.CodeAnalysis.targets (236,5)
       Property reassignment: $(CAExcludePath)="C:\Program Files (x86)\Microsoft Visual Studio\2019\Community\VC\Tools\MSVC\14.29.30133\atlmfc\include;C:\Program Files (x86)\Microsoft Visual Studio\2019\Community\VC\Tools\MSVC\14.29.30133\include;C:\Program Files (x86)\Windows Kits\10\Include\10.0.19041.0\ucrt;;C:\Program Files (x86)\Windows Kits\10\Include\10.0.19041.0\um;C:\Program Files (x86)\Windows Kits\10\Include\10.0.19041.0\shared;C:\Program Files (x86)\Windows Kits\10\Include\10.0.19041.0\winrt;C:\Program Files (x86)\Windows Kits\10\Include\10.0.19041.0\cppwinrt;Include\um;" (previous value: "C:\Program Files (x86)\Microsoft Visual Studio\2019\Community\VC\Tools\MSVC\14.29.30133\include;C:\Program Files (x86)\Windows Kits\10\Include\10.0.19041.0\ucrt;;C:\Program Files (x86)\Windows Kits\10\Include\10.0.19041.0\um;C:\Program Files (x86)\Windows Kits\10\Include\10.0.19041.0\shared;C:\Program Files (x86)\Windows Kits\10\Include\10.0.19041.0\winrt;C:\Program Files (x86)\Windows Kits\10\Include\10.0.19041.0\cppwinrt;Include\um;") at C:\Program Files (x86)\Microsoft Visual Studio\2019\Community\MSBuild\Microsoft\VisualStudio\v16.0\CodeAnalysis\Microsoft.CodeAnalysis.targets (237,5)
       Property reassignment: $(PrepareForBuildDependsOn)=";GetFrameworkPaths;GetReferenceAssemblyPaths;AssignLinkMetadata;SetCABuildNativeEnvironmentVariables" (previous value: ";GetFrameworkPaths;GetReferenceAssemblyPaths;AssignLinkMetadata") at C:\Program Files (x86)\Microsoft Visual Studio\2019\Community\MSBuild\Microsoft\VisualStudio\v16.0\CodeAnalysis\Microsoft.CodeAnalysis.targets (240,5)
       Search paths being used for $(MSBuildExtensionsPath) are C:\Program Files (x86)\Microsoft Visual Studio\2019\Community\MSBuild;$(MSBuildProgramFiles32)\MSBuild
       Property reassignment: $(ResolveReferencesDependsOn)="
             
             BeforeResolveReferences;
             AssignProjectConfiguration;
             ResolveProjectReferences;
             FindInvalidProjectReferences;
             ResolveNativeReferences;
             ResolveAssemblyReferences;
             GenerateBindingRedirects;
             ResolveComReferences;
             AfterResolveReferences
           ;
             ImplicitlyExpandDesignTimeFacades
           " (previous value: "
             BeforeResolveReferences;
             AssignProjectConfiguration;
             ResolveProjectReferences;
             FindInvalidProjectReferences;
             ResolveNativeReferences;
             ResolveAssemblyReferences;
             GenerateBindingRedirects;
             ResolveComReferences;
             AfterResolveReferences
           ") at C:\Program Files (x86)\Microsoft Visual Studio\2019\Community\MSBuild\Current\Bin\Microsoft.NETFramework.CurrentVersion.targets (75,5)
       Property reassignment: $(PrepareResourceNamesDependsOn)="
                           AssignWinFXEmbeddedResource;
                           
             AssignTargetPaths;
             SplitResourcesByCulture;
             CreateManifestResourceNames;
             CreateCustomManifestResourceNames
           
             " (previous value: "
             AssignTargetPaths;
             SplitResourcesByCulture;
             CreateManifestResourceNames;
             CreateCustomManifestResourceNames
           ") at C:\WINDOWS\Microsoft.NET\Framework\v4.0.30319\Microsoft.WinFx.targets (97,7)
       Property reassignment: $(PrepareResourcesDependsOn)="
                       MarkupCompilePass1;
                       AfterMarkupCompilePass1;
                       MarkupCompilePass2ForMainAssembly;
                       FileClassification;
                       MainResourcesGeneration;
                       
             ;
             PrepareResourceNames;
             ResGen;
             CompileLicxFiles
           
             " (previous value: "
             ;
             PrepareResourceNames;
             ResGen;
             CompileLicxFiles
           ") at C:\WINDOWS\Microsoft.NET\Framework\v4.0.30319\Microsoft.WinFx.targets (108,7)
       Property reassignment: $(CompileDependsOn)="
               
             ResolveReferences;
             ResolveKeySource;
             SetWin32ManifestProperties;
             FindReferenceAssembliesForReferences;
             _GenerateCompileInputs;
             BeforeCompile;
             _TimeStampBeforeCompile;
             _GenerateCompileDependencyCache;
             CoreCompile;
             _TimeStampAfterCompile;
             AfterCompile;
           ;
               _AfterCompileWinFXInternal
           " (previous value: "
             ResolveReferences;
             ResolveKeySource;
             SetWin32ManifestProperties;
             FindReferenceAssembliesForReferences;
             _GenerateCompileInputs;
             BeforeCompile;
             _TimeStampBeforeCompile;
             _GenerateCompileDependencyCache;
             CoreCompile;
             _TimeStampAfterCompile;
             AfterCompile;
           ") at C:\WINDOWS\Microsoft.NET\Framework\v4.0.30319\Microsoft.WinFx.targets (184,5)
       Property reassignment: $(PublishBuildDependsOn)="
                   BuildOnlySettings;
                   PrepareForBuild;
                   ResolveReferences;
                   PrepareResources;
                   ResolveKeySource;
                   PrepareResourcesForSatelliteAssemblies;
                   GenerateSerializationAssemblies;
                   CreateSatelliteAssemblies;
               " (previous value: "
             BuildOnlySettings;
             PrepareForBuild;
             ResolveReferences;
             PrepareResources;
             ResolveKeySource;
             GenerateSerializationAssemblies;
             CreateSatelliteAssemblies;
           ") at C:\WINDOWS\Microsoft.NET\Framework\v4.0.30319\Microsoft.WinFx.targets (813,9)
       Property reassignment: $(BuildDependsOn)="
             EntityDeploy;
             
             BeforeBuild;
             CoreBuild;
             AfterBuild
           
           " (previous value: "
             BeforeBuild;
             CoreBuild;
             AfterBuild
           ") at C:\WINDOWS\Microsoft.NET\Framework\v4.0.30319\Microsoft.Data.Entity.targets (35,5)
       Property reassignment: $(CleanDependsOn)="
             
             BeforeClean;
             UnmanagedUnregistration;
             CoreClean;
             CleanReferencedProjects;
             CleanPublishFolder;
             AfterClean
           ;
             EntityClean;
           " (previous value: "
             BeforeClean;
             UnmanagedUnregistration;
             CoreClean;
             CleanReferencedProjects;
             CleanPublishFolder;
             AfterClean
           ") at C:\WINDOWS\Microsoft.NET\Framework\v4.0.30319\Microsoft.Data.Entity.targets (42,5)
       Search paths being used for $(MSBuildExtensionsPath) are C:\Program Files (x86)\Microsoft Visual Studio\2019\Community\MSBuild;$(MSBuildProgramFiles32)\MSBuild
       Property reassignment: $(PrepareResourcesDependsOn)="
             XamlMarkupCompilePass1;
             XamlMarkupCompilePass2;
             
                       MarkupCompilePass1;
                       AfterMarkupCompilePass1;
                       MarkupCompilePass2ForMainAssembly;
                       FileClassification;
                       MainResourcesGeneration;
                       
             ;
             PrepareResourceNames;
             ResGen;
             CompileLicxFiles
           
              
           " (previous value: "
                       MarkupCompilePass1;
                       AfterMarkupCompilePass1;
                       MarkupCompilePass2ForMainAssembly;
                       FileClassification;
                       MainResourcesGeneration;
                       
             ;
             PrepareResourceNames;
             ResGen;
             CompileLicxFiles
           
             ") at C:\WINDOWS\Microsoft.NET\Framework\v4.0.30319\Microsoft.Xaml.targets (35,5)
       Property reassignment: $(CoreCompileDependsOn)="
               DesignTimeXamlMarkupCompilation;
               
                 DesignTimeMarkupCompilation;
                 
             
           " (previous value: "
                 DesignTimeMarkupCompilation;
                 
             ") at C:\WINDOWS\Microsoft.NET\Framework\v4.0.30319\Microsoft.Xaml.targets (76,5)
       Property reassignment: $(ResolveReferencesDependsOn)="
             
             
             BeforeResolveReferences;
             AssignProjectConfiguration;
             ResolveProjectReferences;
             FindInvalidProjectReferences;
             ResolveNativeReferences;
             ResolveAssemblyReferences;
             GenerateBindingRedirects;
             ResolveComReferences;
             AfterResolveReferences
           ;
             ImplicitlyExpandDesignTimeFacades
           ;
             ResolveTestReferences
           " (previous value: "
             
             BeforeResolveReferences;
             AssignProjectConfiguration;
             ResolveProjectReferences;
             FindInvalidProjectReferences;
             ResolveNativeReferences;
             ResolveAssemblyReferences;
             GenerateBindingRedirects;
             ResolveComReferences;
             AfterResolveReferences
           ;
             ImplicitlyExpandDesignTimeFacades
           ") at C:\Program Files (x86)\Microsoft Visual Studio\2019\Community\MSBuild\Microsoft\VisualStudio\v16.0\TeamTest\Microsoft.TeamTest.targets (4,5)
       Search paths being used for $(MSBuildExtensionsPath) are C:\Program Files (x86)\Microsoft Visual Studio\2019\Community\MSBuild;$(MSBuildProgramFiles32)\MSBuild
       Trying to import C:\Program Files (x86)\Microsoft Visual Studio\2019\Community\MSBuild\$(MSBuildToolsVersion)\Microsoft.Common.targets\ImportAfter\* using extensions path C:\Program Files (x86)\Microsoft Visual Studio\2019\Community\MSBuild
       Property reassignment: $(ProjectLockFile)="obj\project.assets.json" (previous value: "C:\Users\Emi\Desktop\SNHU\21EW2\CS-330\Project\Project\obj\project.assets.json") at C:\Program Files (x86)\Microsoft Visual Studio\2019\Community\MSBuild\Microsoft\NuGet\16.0\Microsoft.NuGet.targets (74,5)
       Property reassignment: $(ResolveAssemblyReferencesDependsOn)="
             ResolveProjectReferences;
             FindInvalidProjectReferences;
             GetFrameworkPaths;
             GetReferenceAssemblyPaths;
             PrepareForBuild;
             ResolveSDKReferences;
             ExpandSDKReferences;
           ;ResolveNuGetPackageAssets" (previous value: "
             ResolveProjectReferences;
             FindInvalidProjectReferences;
             GetFrameworkPaths;
             GetReferenceAssemblyPaths;
             PrepareForBuild;
             ResolveSDKReferences;
             ExpandSDKReferences;
           ") at C:\Program Files (x86)\Microsoft Visual Studio\2019\Community\MSBuild\Microsoft\NuGet\16.0\Microsoft.NuGet.targets (185,5)
       Property reassignment: $(PrepareResourcesDependsOn)="ResolveNuGetPackageAssets;
             XamlMarkupCompilePass1;
             XamlMarkupCompilePass2;
             
                       MarkupCompilePass1;
                       AfterMarkupCompilePass1;
                       MarkupCompilePass2ForMainAssembly;
                       FileClassification;
                       MainResourcesGeneration;
                       
             ;
             PrepareResourceNames;
             ResGen;
             CompileLicxFiles
           
              
           " (previous value: "
             XamlMarkupCompilePass1;
             XamlMarkupCompilePass2;
             
                       MarkupCompilePass1;
                       AfterMarkupCompilePass1;
                       MarkupCompilePass2ForMainAssembly;
                       FileClassification;
                       MainResourcesGeneration;
                       
             ;
             PrepareResourceNames;
             ResGen;
             CompileLicxFiles
           
              
           ") at C:\Program Files (x86)\Microsoft Visual Studio\2019\Community\MSBuild\Microsoft\NuGet\16.0\Microsoft.NuGet.targets (186,5)
       Property reassignment: $(DebugType)="" (previous value: "none") at C:\Program Files (x86)\Microsoft Visual Studio\2019\Community\MSBuild\Microsoft\VC\v160\Microsoft.BuildSteps.Targets (37,5)
       Property reassignment: $(BuildDependsOn)="
             _PrepareForBuild;
             
             ResolveReferences;
             PrepareForBuild;
             InitializeBuildStatus;
             BuildGenerateSources;
             BuildCompile;
             BuildLink;
           ;
             AfterBuild;
             IncrementalClean;
             FinalizeBuildStatus;
           " (previous value: "
             EntityDeploy;
             
             BeforeBuild;
             CoreBuild;
             AfterBuild
           
           ") at C:\Program Files (x86)\Microsoft Visual Studio\2019\Community\MSBuild\Microsoft\VC\v160\Microsoft.BuildSteps.Targets (119,5)
       Property reassignment: $(RebuildDependsOn)="
             _PrepareForRebuild;
             
             BeforeRebuild;
             Clean;
             Build;
             AfterRebuild;
           ;
           " (previous value: "
             BeforeRebuild;
             Clean;
             Build;
             AfterRebuild;
           ") at C:\Program Files (x86)\Microsoft Visual Studio\2019\Community\MSBuild\Microsoft\VC\v160\Microsoft.BuildSteps.Targets (127,5)
       Property reassignment: $(CleanDependsOn)="
             _PrepareForClean;
             
             
             BeforeClean;
             UnmanagedUnregistration;
             CoreClean;
             CleanReferencedProjects;
             CleanPublishFolder;
             AfterClean
           ;
             EntityClean;
           ;
           " (previous value: "
             
             BeforeClean;
             UnmanagedUnregistration;
             CoreClean;
             CleanReferencedProjects;
             CleanPublishFolder;
             AfterClean
           ;
             EntityClean;
           ") at C:\Program Files (x86)\Microsoft Visual Studio\2019\Community\MSBuild\Microsoft\VC\v160\Microsoft.BuildSteps.Targets (132,5)
       Property reassignment: $(BeforeBuildGenerateSourcesTargets)="
             
             ;
             BeforeBuildGenerateSources;
           ;
           " (previous value: "
             ;
             BeforeBuildGenerateSources;
           ") at C:\Program Files (x86)\Microsoft Visual Studio\2019\Community\MSBuild\Microsoft\VC\v160\Microsoft.CppBuild.targets (61,5)
       Property reassignment: $(AfterBuildGenerateSourcesTargets)="
             
             ;
             AfterBuildGenerateSources;
           ;
             AfterBuildGenerateSourcesEvent;
           " (previous value: "
             ;
             AfterBuildGenerateSources;
           ") at C:\Program Files (x86)\Microsoft Visual Studio\2019\Community\MSBuild\Microsoft\VC\v160\Microsoft.CppBuild.targets (72,5)
       Property reassignment: $(BuildGenerateSourcesAction)="_BuildGenerateSourcesAction" (previous value: "Build") at C:\Program Files (x86)\Microsoft Visual Studio\2019\Community\MSBuild\Microsoft\VC\v160\Microsoft.CppBuild.targets (142,5)
       Property reassignment: $(BuildCompileAction)="_BuildCompileAction" (previous value: "Build") at C:\Program Files (x86)\Microsoft Visual Studio\2019\Community\MSBuild\Microsoft\VC\v160\Microsoft.CppBuild.targets (143,5)
       Property reassignment: $(BuildLinkAction)="_BuildLinkAction" (previous value: "Build") at C:\Program Files (x86)\Microsoft Visual Studio\2019\Community\MSBuild\Microsoft\VC\v160\Microsoft.CppBuild.targets (144,5)
       Property reassignment: $(GetReferenceAssemblyPathsDependsOn)="_PrepareForReferenceResolution;
               ;
               GetWinFXPath
           " (previous value: "
               ;
               GetWinFXPath
           ") at C:\Program Files (x86)\Microsoft Visual Studio\2019\Community\MSBuild\Microsoft\VC\v160\Microsoft.CppBuild.targets (149,5)
       Property reassignment: $(DetermineProjectTypeTargets)="_PrepareForReferenceResolution;
             ;
             AddExternalIncludDirectoriesToPaths
           " (previous value: "
             ;
             AddExternalIncludDirectoriesToPaths
           ") at C:\Program Files (x86)\Microsoft Visual Studio\2019\Community\MSBuild\Microsoft\VC\v160\Microsoft.CppBuild.targets (251,5)
       Property reassignment: $(ResolveReferencesDependsOn)="_PrepareForReferenceResolution;ComputeCrtSDKReference;
             
             
             BeforeResolveReferences;
             AssignProjectConfiguration;
             ResolveProjectReferences;
             FindInvalidProjectReferences;
             ResolveNativeReferences;
             ResolveAssemblyReferences;
             GenerateBindingRedirects;
             ResolveComReferences;
             AfterResolveReferences
           ;
             ImplicitlyExpandDesignTimeFacades
           ;
             ResolveTestReferences
           " (previous value: "
             
             
             BeforeResolveReferences;
             AssignProjectConfiguration;
             ResolveProjectReferences;
             FindInvalidProjectReferences;
             ResolveNativeReferences;
             ResolveAssemblyReferences;
             GenerateBindingRedirects;
             ResolveComReferences;
             AfterResolveReferences
           ;
             ImplicitlyExpandDesignTimeFacades
           ;
             ResolveTestReferences
           ") at C:\Program Files (x86)\Microsoft Visual Studio\2019\Community\MSBuild\Microsoft\VC\v160\Microsoft.CppBuild.targets (311,5)
       Property reassignment: $(ResolveAssemblyReferencesDependsOn)="_PrepareForReferenceResolution;
             ResolveProjectReferences;
             FindInvalidProjectReferences;
             GetFrameworkPaths;
             GetReferenceAssemblyPaths;
             PrepareForBuild;
             ResolveSDKReferences;
             ExpandSDKReferences;
           ;ResolveNuGetPackageAssets" (previous value: "
             ResolveProjectReferences;
             FindInvalidProjectReferences;
             GetFrameworkPaths;
             GetReferenceAssemblyPaths;
             PrepareForBuild;
             ResolveSDKReferences;
             ExpandSDKReferences;
           ;ResolveNuGetPackageAssets") at C:\Program Files (x86)\Microsoft Visual Studio\2019\Community\MSBuild\Microsoft\VC\v160\Microsoft.CppBuild.targets (312,5)
       Property reassignment: $(ResolveSDKReferencesDependsOn)="_PrepareForReferenceResolution;ComputeCrtSDKReference;
             GetInstalledSDKLocations
           " (previous value: "
             GetInstalledSDKLocations
           ") at C:\Program Files (x86)\Microsoft Visual Studio\2019\Community\MSBuild\Microsoft\VC\v160\Microsoft.CppBuild.targets (313,5)
       Property reassignment: $(ComputeCompileInputsTargets)="
             
             ;
             GenerateTargetFrameworkMonikerAttribute;
           ;
             ComputeMIDLGeneratedCompileInputs;
           " (previous value: "
             ;
             GenerateTargetFrameworkMonikerAttribute;
           ") at C:\Program Files (x86)\Microsoft Visual Studio\2019\Community\MSBuild\Microsoft\VC\v160\Microsoft.CppBuild.targets (612,5)
       Property reassignment: $(ComputeLinkInputsTargets)="
             
             ;
             ComputeRCGeneratedLinkInputs;
           ;
             ComputeManifestGeneratedLinkerInputs;
           " (previous value: "
             ;
             ComputeRCGeneratedLinkInputs;
           ") at C:\Program Files (x86)\Microsoft Visual Studio\2019\Community\MSBuild\Microsoft\VC\v160\Microsoft.CppBuild.targets (925,5)
       Property reassignment: $(GetTargetPathDependsOn)="_PrepareForReferenceResolution;GetResolvedWinMD;" (previous value: "") at C:\Program Files (x86)\Microsoft Visual Studio\2019\Community\MSBuild\Microsoft\VC\v160\Microsoft.CppBuild.targets (1095,5)
       Property reassignment: $(ComputeCompileInputsTargets)="
             
             
             ;
             GenerateTargetFrameworkMonikerAttribute;
           ;
             ComputeMIDLGeneratedCompileInputs;
           ;
             ComputeCLInputPDBName;
             ComputeReferenceCLInput;
             WarnCompileDuplicatedFilename
           " (previous value: "
             
             ;
             GenerateTargetFrameworkMonikerAttribute;
           ;
             ComputeMIDLGeneratedCompileInputs;
           ") at C:\Program Files (x86)\Microsoft Visual Studio\2019\Community\MSBuild\Microsoft\VC\v160\Microsoft.CppBuild.targets (1121,5)
       Property reassignment: $(ComputeLinkInputsTargets)="
             
             
             ;
             ComputeRCGeneratedLinkInputs;
           ;
             ComputeManifestGeneratedLinkerInputs;
           ;
             ComputeCustomBuildOutput;
           " (previous value: "
             
             ;
             ComputeRCGeneratedLinkInputs;
           ;
             ComputeManifestGeneratedLinkerInputs;
           ") at C:\Program Files (x86)\Microsoft Visual Studio\2019\Community\MSBuild\Microsoft\VC\v160\Microsoft.CppBuild.targets (1173,5)
       Property reassignment: $(ComputeLibInputsTargets)="
             
             ;
             ComputeRCGeneratedLibInputs;
           ;
             ComputeCustomBuildOutput;
           " (previous value: "
             ;
             ComputeRCGeneratedLibInputs;
           ") at C:\Program Files (x86)\Microsoft Visual Studio\2019\Community\MSBuild\Microsoft\VC\v160\Microsoft.CppBuild.targets (1180,5)
       Property reassignment: $(ComputeImpLibInputsTargets)="
             
             
             ;
             ComputeRCGeneratedLibInputs;
           ;
             ComputeRCGeneratedImpLibInputs;
           ;
             ComputeCustomBuildOutput;
           " (previous value: "
             
             ;
             ComputeRCGeneratedLibInputs;
           ;
             ComputeRCGeneratedImpLibInputs;
           ") at C:\Program Files (x86)\Microsoft Visual Studio\2019\Community\MSBuild\Microsoft\VC\v160\Microsoft.CppBuild.targets (1187,5)
       Property reassignment: $(ComputeLinkInputsTargets)="
             
             
             
             ;
             ComputeRCGeneratedLinkInputs;
           ;
             ComputeManifestGeneratedLinkerInputs;
           ;
             ComputeCustomBuildOutput;
           ;
             ComputeCLGeneratedLinkInputs;
           " (previous value: "
             
             
             ;
             ComputeRCGeneratedLinkInputs;
           ;
             ComputeManifestGeneratedLinkerInputs;
           ;
             ComputeCustomBuildOutput;
           ") at C:\Program Files (x86)\Microsoft Visual Studio\2019\Community\MSBuild\Microsoft\VC\v160\Microsoft.CppBuild.targets (1247,5)
       Property reassignment: $(ComputeLibInputsTargets)="
             
             
             ;
             ComputeRCGeneratedLibInputs;
           ;
             ComputeCustomBuildOutput;
           ;
             ComputeCLGeneratedLibInputs;
           " (previous value: "
             
             ;
             ComputeRCGeneratedLibInputs;
           ;
             ComputeCustomBuildOutput;
           ") at C:\Program Files (x86)\Microsoft Visual Studio\2019\Community\MSBuild\Microsoft\VC\v160\Microsoft.CppBuild.targets (1262,5)
       Property reassignment: $(ComputeImpLibInputsTargets)="
             
             
             
             ;
             ComputeRCGeneratedLibInputs;
           ;
             ComputeRCGeneratedImpLibInputs;
           ;
             ComputeCustomBuildOutput;
           ;
             ComputeCLGeneratedImpLibInputs;
           " (previous value: "
             
             
             ;
             ComputeRCGeneratedLibInputs;
           ;
             ComputeRCGeneratedImpLibInputs;
           ;
             ComputeCustomBuildOutput;
           ") at C:\Program Files (x86)\Microsoft Visual Studio\2019\Community\MSBuild\Microsoft\VC\v160\Microsoft.CppBuild.targets (1277,5)
       Property reassignment: $(ComputeLinkInputsTargets)="
             
             
             
             
             ;
             ComputeRCGeneratedLinkInputs;
           ;
             ComputeManifestGeneratedLinkerInputs;
           ;
             ComputeCustomBuildOutput;
           ;
             ComputeCLGeneratedLinkInputs;
           ;
             ComputeLinkInputsFromProject;
           " (previous value: "
             
             
             
             ;
             ComputeRCGeneratedLinkInputs;
           ;
             ComputeManifestGeneratedLinkerInputs;
           ;
             ComputeCustomBuildOutput;
           ;
             ComputeCLGeneratedLinkInputs;
           ") at C:\Program Files (x86)\Microsoft Visual Studio\2019\Community\MSBuild\Microsoft\VC\v160\Microsoft.CppBuild.targets (1308,5)
       Property reassignment: $(ComputeLibInputsTargets)="
             
             
             
             ;
             ComputeRCGeneratedLibInputs;
           ;
             ComputeCustomBuildOutput;
           ;
             ComputeCLGeneratedLibInputs;
           ;
             ComputeLibInputsFromProject;
           " (previous value: "
             
             
             ;
             ComputeRCGeneratedLibInputs;
           ;
             ComputeCustomBuildOutput;
           ;
             ComputeCLGeneratedLibInputs;
           ") at C:\Program Files (x86)\Microsoft Visual Studio\2019\Community\MSBuild\Microsoft\VC\v160\Microsoft.CppBuild.targets (1326,5)
       Property reassignment: $(ComputeImpLibInputsTargets)="
             
             
             
             
             ;
             ComputeRCGeneratedLibInputs;
           ;
             ComputeRCGeneratedImpLibInputs;
           ;
             ComputeCustomBuildOutput;
           ;
             ComputeCLGeneratedImpLibInputs;
           ;
             ComputeImpLibInputsFromProject;
           " (previous value: "
             
             
             
             ;
             ComputeRCGeneratedLibInputs;
           ;
             ComputeRCGeneratedImpLibInputs;
           ;
             ComputeCustomBuildOutput;
           ;
             ComputeCLGeneratedImpLibInputs;
           ") at C:\Program Files (x86)\Microsoft Visual Studio\2019\Community\MSBuild\Microsoft\VC\v160\Microsoft.CppBuild.targets (1344,5)
       Property reassignment: $(ComputeLinkInputsTargets)="
             
             
             
             
             
             ;
             ComputeRCGeneratedLinkInputs;
           ;
             ComputeManifestGeneratedLinkerInputs;
           ;
             ComputeCustomBuildOutput;
           ;
             ComputeCLGeneratedLinkInputs;
           ;
             ComputeLinkInputsFromProject;
           ;
             ComputeReferenceLinkInputs;
           " (previous value: "
             
             
             
             
             ;
             ComputeRCGeneratedLinkInputs;
           ;
             ComputeManifestGeneratedLinkerInputs;
           ;
             ComputeCustomBuildOutput;
           ;
             ComputeCLGeneratedLinkInputs;
           ;
             ComputeLinkInputsFromProject;
           ") at C:\Program Files (x86)\Microsoft Visual Studio\2019\Community\MSBuild\Microsoft\VC\v160\Microsoft.CppBuild.targets (1488,5)
       Property reassignment: $(ComputeLibInputsTargets)="
             
             
             
             
             ;
             ComputeRCGeneratedLibInputs;
           ;
             ComputeCustomBuildOutput;
           ;
             ComputeCLGeneratedLibInputs;
           ;
             ComputeLibInputsFromProject;
           ;
             ComputeReferenceLibInputs;
           " (previous value: "
             
             
             
             ;
             ComputeRCGeneratedLibInputs;
           ;
             ComputeCustomBuildOutput;
           ;
             ComputeCLGeneratedLibInputs;
           ;
             ComputeLibInputsFromProject;
           ") at C:\Program Files (x86)\Microsoft Visual Studio\2019\Community\MSBuild\Microsoft\VC\v160\Microsoft.CppBuild.targets (1526,5)
       Property reassignment: $(ComputeLibInputsTargets)="
             ComputeLibAdditionalOptions;
             
             
             
             
             
             ;
             ComputeRCGeneratedLibInputs;
           ;
             ComputeCustomBuildOutput;
           ;
             ComputeCLGeneratedLibInputs;
           ;
             ComputeLibInputsFromProject;
           ;
             ComputeReferenceLibInputs;
           
           " (previous value: "
             
             
             
             
             ;
             ComputeRCGeneratedLibInputs;
           ;
             ComputeCustomBuildOutput;
           ;
             ComputeCLGeneratedLibInputs;
           ;
             ComputeLibInputsFromProject;
           ;
             ComputeReferenceLibInputs;
           ") at C:\Program Files (x86)\Microsoft Visual Studio\2019\Community\MSBuild\Microsoft\VC\v160\Microsoft.CppBuild.targets (1583,5)
       Property reassignment: $(GetProjectInfoForReferenceDependsOn)="
             
             ;
             AddPublicIncludeDirectoriesToProjectsInfoForReference;
           ;
             AddPublicBMIsToProjectsInfoForReference;
             AddDeployRecipeFileToProjectsInfoForReference;
             AddLibrariesToProjectsInfoForReference;
           " (previous value: "
             ;
             AddPublicIncludeDirectoriesToProjectsInfoForReference;
           ") at C:\Program Files (x86)\Microsoft Visual Studio\2019\Community\MSBuild\Microsoft\VC\v160\Microsoft.CppBuild.targets (1770,5)
       Property reassignment: $(DocumentationProjectOutputGroupDependsOn)="ResolvedXDCMake;ComputeCLCompileGeneratedXDCFiles" (previous value: "") at C:\Program Files (x86)\Microsoft Visual Studio\2019\Community\MSBuild\Microsoft\VC\v160\Microsoft.CppBuild.targets (2157,5)
       Property reassignment: $(ContentFilesProjectOutputGroupDependsOn)="PrepareForBuild;AssignTargetPaths;PrepareForBuild;AssignTargetPaths;MakeDirsForFxc" (previous value: "PrepareForBuild;AssignTargetPaths") at C:\Program Files (x86)\Microsoft Visual Studio\2019\Community\MSBuild\Microsoft\VC\v160\Microsoft.CppBuild.targets (2223,5)
       Property reassignment: $(ComputeCompileInputsTargets)="
             
             
             
             ;
             GenerateTargetFrameworkMonikerAttribute;
           ;
             ComputeMIDLGeneratedCompileInputs;
           ;
             ComputeCLInputPDBName;
             ComputeReferenceCLInput;
             WarnCompileDuplicatedFilename
           ;
             ;
             FixupCLCompileOptions;
           " (previous value: "
             
             
             ;
             GenerateTargetFrameworkMonikerAttribute;
           ;
             ComputeMIDLGeneratedCompileInputs;
           ;
             ComputeCLInputPDBName;
             ComputeReferenceCLInput;
             WarnCompileDuplicatedFilename
           ") at C:\Program Files (x86)\Microsoft Visual Studio\2019\Community\MSBuild\Microsoft\VC\v160\Microsoft.CppCommon.targets (302,5)
       Property reassignment: $(BuildingProject)="true" (previous value: "false") at C:\Program Files (x86)\Microsoft Visual Studio\2019\Community\MSBuild\Microsoft\VC\v160\Microsoft.CppCommon.targets (1989,5)
       Property reassignment: $(ContentFilesProjectOutputGroupDependsOn)="PrepareForBuild;AssignTargetPaths;PrepareForBuild;AssignTargetPaths;MakeDirsForFxc;_CreateCopyFileItems;" (previous value: "PrepareForBuild;AssignTargetPaths;PrepareForBuild;AssignTargetPaths;MakeDirsForFxc") at C:\Program Files (x86)\Microsoft Visual Studio\2019\Community\MSBuild\Microsoft\VC\v160\Microsoft.CppCommon.targets (2516,5)
       Property reassignment: $(PrepareForBuildDependsOn)="_CheckWindowsSDKInstalled;;GetFrameworkPaths;GetReferenceAssemblyPaths;AssignLinkMetadata;SetCABuildNativeEnvironmentVariables" (previous value: ";GetFrameworkPaths;GetReferenceAssemblyPaths;AssignLinkMetadata;SetCABuildNativeEnvironmentVariables") at C:\Program Files (x86)\Microsoft Visual Studio\2019\Community\MSBuild\Microsoft\VC\v160\Microsoft.Cpp.WindowsSDK.targets (16,5)
       Property reassignment: $(CleanDependsOn)="
             
             _PrepareForClean;
             
             
             BeforeClean;
             UnmanagedUnregistration;
             CoreClean;
             CleanReferencedProjects;
             CleanPublishFolder;
             AfterClean
           ;
             EntityClean;
           ;
           ;
             CppClean
           " (previous value: "
             _PrepareForClean;
             
             
             BeforeClean;
             UnmanagedUnregistration;
             CoreClean;
             CleanReferencedProjects;
             CleanPublishFolder;
             AfterClean
           ;
             EntityClean;
           ;
           ") at C:\Program Files (x86)\Microsoft Visual Studio\2019\Community\MSBuild\Microsoft\VC\v160\Microsoft.CppClean.targets (22,5)
       Property reassignment: $(CppCleanDependsOn)="
             BeforeCppClean;
             ;
             CoreCppClean;
             AfterCppClean;
           ;PGInstrumentedClean" (previous value: "
             BeforeCppClean;
             ;
             CoreCppClean;
             AfterCppClean;
           ") at C:\Program Files (x86)\Microsoft Visual Studio\2019\Community\MSBuild\Microsoft\VC\v160\Microsoft.CppClean.targets (92,5)
       Property reassignment: $(BuildDependsOn)="SetTelemetryEnvironmentVariables;
             _PrepareForBuild;
             
             ResolveReferences;
             PrepareForBuild;
             InitializeBuildStatus;
             BuildGenerateSources;
             BuildCompile;
             BuildLink;
           ;
             AfterBuild;
             IncrementalClean;
             FinalizeBuildStatus;
           " (previous value: "
             _PrepareForBuild;
             
             ResolveReferences;
             PrepareForBuild;
             InitializeBuildStatus;
             BuildGenerateSources;
             BuildCompile;
             BuildLink;
           ;
             AfterBuild;
             IncrementalClean;
             FinalizeBuildStatus;
           ") at C:\Program Files (x86)\Microsoft Visual Studio\2019\Community\MSBuild\Microsoft\VC\v160\Microsoft.Cpp.DesignTime.targets (540,5)
       Property reassignment: $(RebuildDependsOn)="SetTelemetryEnvironmentVariables;
             _PrepareForRebuild;
             
             BeforeRebuild;
             Clean;
             Build;
             AfterRebuild;
           ;
           " (previous value: "
             _PrepareForRebuild;
             
             BeforeRebuild;
             Clean;
             Build;
             AfterRebuild;
           ;
           ") at C:\Program Files (x86)\Microsoft Visual Studio\2019\Community\MSBuild\Microsoft\VC\v160\Microsoft.Cpp.DesignTime.targets (541,5)
       Overriding target "GetFrameworkPaths" in project "C:\Program Files (x86)\Microsoft Visual Studio\2019\Community\MSBuild\Current\Bin\Microsoft.Common.CurrentVersion.targets" with target "GetFrameworkPaths" from project "C:\Program Files (x86)\Microsoft Visual Studio\2019\Community\MSBuild\Current\Bin\Microsoft.NETFramework.CurrentVersion.targets".
       Overriding target "SatelliteDllsProjectOutputGroup" in project "C:\Program Files (x86)\Microsoft Visual Studio\2019\Community\MSBuild\Current\Bin\Microsoft.Common.CurrentVersion.targets" with target "SatelliteDllsProjectOutputGroup" from project "C:\WINDOWS\Microsoft.NET\Framework\v4.0.30319\Microsoft.WinFx.targets".
       Overriding target "GenerateTargetFrameworkMonikerAttribute" in project "C:\Program Files (x86)\Microsoft Visual Studio\2019\Community\MSBuild\Current\Bin\Microsoft.Common.CurrentVersion.targets" with target "GenerateTargetFrameworkMonikerAttribute" from project "C:\Program Files (x86)\Microsoft Visual Studio\2019\Community\MSBuild\Microsoft\VC\v160\Microsoft.BuildSteps.Targets".
       Overriding target "Build" in project "C:\Program Files (x86)\Microsoft Visual Studio\2019\Community\MSBuild\Current\Bin\Microsoft.Common.CurrentVersion.targets" with target "Build" from project "C:\Program Files (x86)\Microsoft Visual Studio\2019\Community\MSBuild\Microsoft\VC\v160\Microsoft.BuildSteps.Targets".
       Overriding target "Rebuild" in project "C:\Program Files (x86)\Microsoft Visual Studio\2019\Community\MSBuild\Current\Bin\Microsoft.Common.CurrentVersion.targets" with target "Rebuild" from project "C:\Program Files (x86)\Microsoft Visual Studio\2019\Community\MSBuild\Microsoft\VC\v160\Microsoft.BuildSteps.Targets".
       Overriding target "AfterBuild" in project "C:\Program Files (x86)\Microsoft Visual Studio\2019\Community\MSBuild\Current\Bin\Microsoft.Common.CurrentVersion.targets" with target "AfterBuild" from project "C:\Program Files (x86)\Microsoft Visual Studio\2019\Community\MSBuild\Microsoft\VC\v160\Microsoft.BuildSteps.Targets".
       Overriding target "PrepareForBuild" in project "C:\Program Files (x86)\Microsoft Visual Studio\2019\Community\MSBuild\Current\Bin\Microsoft.Common.CurrentVersion.targets" with target "PrepareForBuild" from project "C:\Program Files (x86)\Microsoft Visual Studio\2019\Community\MSBuild\Microsoft\VC\v160\Microsoft.CppBuild.targets".
       Overriding target "GetTargetPath" in project "C:\Program Files (x86)\Microsoft Visual Studio\2019\Community\MSBuild\Current\Bin\Microsoft.Common.CurrentVersion.targets" with target "GetTargetPath" from project "C:\Program Files (x86)\Microsoft Visual Studio\2019\Community\MSBuild\Microsoft\VC\v160\Microsoft.CppBuild.targets".
       Overriding target "ComputeIntermediateSatelliteAssemblies" in project "C:\Program Files (x86)\Microsoft Visual Studio\2019\Community\MSBuild\Current\Bin\Microsoft.Common.CurrentVersion.targets" with target "ComputeIntermediateSatelliteAssemblies" from project "C:\Program Files (x86)\Microsoft Visual Studio\2019\Community\MSBuild\Microsoft\VC\v160\Microsoft.CppBuild.targets".
       Overriding target "ClCompile" in project "C:\Program Files (x86)\Microsoft Visual Studio\2019\Community\MSBuild\Microsoft\VC\v160\Microsoft.CppBuild.targets" with target "ClCompile" from project "C:\Program Files (x86)\Microsoft Visual Studio\2019\Community\MSBuild\Microsoft\VC\v160\Microsoft.CppBuild.targets".
       Overriding target "ResourceCompile" in project "C:\Program Files (x86)\Microsoft Visual Studio\2019\Community\MSBuild\Microsoft\VC\v160\Microsoft.CppBuild.targets" with target "ResourceCompile" from project "C:\Program Files (x86)\Microsoft Visual Studio\2019\Community\MSBuild\Microsoft\VC\v160\Microsoft.CppBuild.targets".
       Overriding target "Lib" in project "C:\Program Files (x86)\Microsoft Visual Studio\2019\Community\MSBuild\Microsoft\VC\v160\Microsoft.CppBuild.targets" with target "Lib" from project "C:\Program Files (x86)\Microsoft Visual Studio\2019\Community\MSBuild\Microsoft\VC\v160\Microsoft.CppBuild.targets".
       Overriding target "Link" in project "C:\Program Files (x86)\Microsoft Visual Studio\2019\Community\MSBuild\Microsoft\VC\v160\Microsoft.CppBuild.targets" with target "Link" from project "C:\Program Files (x86)\Microsoft Visual Studio\2019\Community\MSBuild\Microsoft\VC\v160\Microsoft.CppBuild.targets".
       Overriding target "AllProjectOutputGroups" in project "C:\Program Files (x86)\Microsoft Visual Studio\2019\Community\MSBuild\Current\Bin\Microsoft.Common.CurrentVersion.targets" with target "AllProjectOutputGroups" from project "C:\Program Files (x86)\Microsoft Visual Studio\2019\Community\MSBuild\Microsoft\VC\v160\Microsoft.CppBuild.targets".
       Overriding target "BuiltProjectOutputGroup" in project "C:\Program Files (x86)\Microsoft Visual Studio\2019\Community\MSBuild\Current\Bin\Microsoft.Common.CurrentVersion.targets" with target "BuiltProjectOutputGroup" from project "C:\Program Files (x86)\Microsoft Visual Studio\2019\Community\MSBuild\Microsoft\VC\v160\Microsoft.CppBuild.targets".
       Overriding target "DebugSymbolsProjectOutputGroup" in project "C:\Program Files (x86)\Microsoft Visual Studio\2019\Community\MSBuild\Current\Bin\Microsoft.Common.CurrentVersion.targets" with target "DebugSymbolsProjectOutputGroup" from project "C:\Program Files (x86)\Microsoft Visual Studio\2019\Community\MSBuild\Microsoft\VC\v160\Microsoft.CppBuild.targets".
       Overriding target "DocumentationProjectOutputGroup" in project "C:\Program Files (x86)\Microsoft Visual Studio\2019\Community\MSBuild\Current\Bin\Microsoft.Common.CurrentVersion.targets" with target "DocumentationProjectOutputGroup" from project "C:\Program Files (x86)\Microsoft Visual Studio\2019\Community\MSBuild\Microsoft\VC\v160\Microsoft.CppBuild.targets".
       Overriding target "SourceFilesProjectOutputGroup" in project "C:\Program Files (x86)\Microsoft Visual Studio\2019\Community\MSBuild\Current\Bin\Microsoft.Common.CurrentVersion.targets" with target "SourceFilesProjectOutputGroup" from project "C:\Program Files (x86)\Microsoft Visual Studio\2019\Community\MSBuild\Microsoft\VC\v160\Microsoft.CppBuild.targets".
       Overriding target "ContentFilesProjectOutputGroup" in project "C:\Program Files (x86)\Microsoft Visual Studio\2019\Community\MSBuild\Current\Bin\Microsoft.Common.CurrentVersion.targets" with target "ContentFilesProjectOutputGroup" from project "C:\Program Files (x86)\Microsoft Visual Studio\2019\Community\MSBuild\Microsoft\VC\v160\Microsoft.CppBuild.targets".
       Overriding target "AllProjectOutputGroupsDependencies" in project "C:\Program Files (x86)\Microsoft Visual Studio\2019\Community\MSBuild\Current\Bin\Microsoft.Common.CurrentVersion.targets" with target "AllProjectOutputGroupsDependencies" from project "C:\Program Files (x86)\Microsoft Visual Studio\2019\Community\MSBuild\Microsoft\VC\v160\Microsoft.CppBuild.targets".
       Overriding target "BuiltProjectOutputGroupDependencies" in project "C:\Program Files (x86)\Microsoft Visual Studio\2019\Community\MSBuild\Current\Bin\Microsoft.Common.CurrentVersion.targets" with target "BuiltProjectOutputGroupDependencies" from project "C:\Program Files (x86)\Microsoft Visual Studio\2019\Community\MSBuild\Microsoft\VC\v160\Microsoft.CppBuild.targets".
       Overriding target "DebugSymbolsProjectOutputGroupDependencies" in project "C:\Program Files (x86)\Microsoft Visual Studio\2019\Community\MSBuild\Current\Bin\Microsoft.Common.CurrentVersion.targets" with target "DebugSymbolsProjectOutputGroupDependencies" from project "C:\Program Files (x86)\Microsoft Visual Studio\2019\Community\MSBuild\Microsoft\VC\v160\Microsoft.CppBuild.targets".
       Overriding target "DocumentationProjectOutputGroupDependencies" in project "C:\Program Files (x86)\Microsoft Visual Studio\2019\Community\MSBuild\Current\Bin\Microsoft.Common.CurrentVersion.targets" with target "DocumentationProjectOutputGroupDependencies" from project "C:\Program Files (x86)\Microsoft Visual Studio\2019\Community\MSBuild\Microsoft\VC\v160\Microsoft.CppBuild.targets".
       Overriding target "PreBuildEvent" in project "C:\Program Files (x86)\Microsoft Visual Studio\2019\Community\MSBuild\Current\Bin\Microsoft.Common.CurrentVersion.targets" with target "PreBuildEvent" from project "C:\Program Files (x86)\Microsoft Visual Studio\2019\Community\MSBuild\Microsoft\VC\v160\Microsoft.CppCommon.targets".
       Overriding target "PostBuildEvent" in project "C:\Program Files (x86)\Microsoft Visual Studio\2019\Community\MSBuild\Current\Bin\Microsoft.Common.CurrentVersion.targets" with target "PostBuildEvent" from project "C:\Program Files (x86)\Microsoft Visual Studio\2019\Community\MSBuild\Microsoft\VC\v160\Microsoft.CppCommon.targets".
       Overriding target "ClCompile" in project "C:\Program Files (x86)\Microsoft Visual Studio\2019\Community\MSBuild\Microsoft\VC\v160\Microsoft.CppBuild.targets" with target "ClCompile" from project "C:\Program Files (x86)\Microsoft Visual Studio\2019\Community\MSBuild\Microsoft\VC\v160\Microsoft.CppCommon.targets".
       Overriding target "Link" in project "C:\Program Files (x86)\Microsoft Visual Studio\2019\Community\MSBuild\Microsoft\VC\v160\Microsoft.CppBuild.targets" with target "Link" from project "C:\Program Files (x86)\Microsoft Visual Studio\2019\Community\MSBuild\Microsoft\VC\v160\Microsoft.CppCommon.targets".
       Overriding target "Lib" in project "C:\Program Files (x86)\Microsoft Visual Studio\2019\Community\MSBuild\Microsoft\VC\v160\Microsoft.CppBuild.targets" with target "Lib" from project "C:\Program Files (x86)\Microsoft Visual Studio\2019\Community\MSBuild\Microsoft\VC\v160\Microsoft.CppCommon.targets".
       Overriding target "ImpLib" in project "C:\Program Files (x86)\Microsoft Visual Studio\2019\Community\MSBuild\Microsoft\VC\v160\Microsoft.CppBuild.targets" with target "ImpLib" from project "C:\Program Files (x86)\Microsoft Visual Studio\2019\Community\MSBuild\Microsoft\VC\v160\Microsoft.CppCommon.targets".
       Overriding target "Midl" in project "C:\Program Files (x86)\Microsoft Visual Studio\2019\Community\MSBuild\Microsoft\VC\v160\Microsoft.CppBuild.targets" with target "Midl" from project "C:\Program Files (x86)\Microsoft Visual Studio\2019\Community\MSBuild\Microsoft\VC\v160\Microsoft.CppCommon.targets".
       Overriding target "ResourceCompile" in project "C:\Program Files (x86)\Microsoft Visual Studio\2019\Community\MSBuild\Microsoft\VC\v160\Microsoft.CppBuild.targets" with target "ResourceCompile" from project "C:\Program Files (x86)\Microsoft Visual Studio\2019\Community\MSBuild\Microsoft\VC\v160\Microsoft.CppCommon.targets".
       Overriding target "BeforeResGen" in project "C:\Program Files (x86)\Microsoft Visual Studio\2019\Community\MSBuild\Current\Bin\Microsoft.Common.CurrentVersion.targets" with target "BeforeResGen" from project "C:\Program Files (x86)\Microsoft Visual Studio\2019\Community\MSBuild\Microsoft\VC\v160\Microsoft.CppCommon.targets".
       Overriding target "ResGen" in project "C:\Program Files (x86)\Microsoft Visual Studio\2019\Community\MSBuild\Current\Bin\Microsoft.Common.CurrentVersion.targets" with target "ResGen" from project "C:\Program Files (x86)\Microsoft Visual Studio\2019\Community\MSBuild\Microsoft\VC\v160\Microsoft.CppCommon.targets".
       Overriding target "GenerateSatelliteAssemblies" in project "C:\Program Files (x86)\Microsoft Visual Studio\2019\Community\MSBuild\Current\Bin\Microsoft.Common.CurrentVersion.targets" with target "GenerateSatelliteAssemblies" from project "C:\Program Files (x86)\Microsoft Visual Studio\2019\Community\MSBuild\Microsoft\VC\v160\Microsoft.CppCommon.targets".
       Overriding target "Manifest" in project "C:\Program Files (x86)\Microsoft Visual Studio\2019\Community\MSBuild\Microsoft\VC\v160\Microsoft.CppBuild.targets" with target "Manifest" from project "C:\Program Files (x86)\Microsoft Visual Studio\2019\Community\MSBuild\Microsoft\VC\v160\Microsoft.CppCommon.targets".
       Overriding target "XdcMake" in project "C:\Program Files (x86)\Microsoft Visual Studio\2019\Community\MSBuild\Microsoft\VC\v160\Microsoft.CppBuild.targets" with target "XdcMake" from project "C:\Program Files (x86)\Microsoft Visual Studio\2019\Community\MSBuild\Microsoft\VC\v160\Microsoft.CppCommon.targets".
       Overriding target "BscMake" in project "C:\Program Files (x86)\Microsoft Visual Studio\2019\Community\MSBuild\Microsoft\VC\v160\Microsoft.CppBuild.targets" with target "BscMake" from project "C:\Program Files (x86)\Microsoft Visual Studio\2019\Community\MSBuild\Microsoft\VC\v160\Microsoft.CppCommon.targets".
       Overriding target "ComputeMetaGenInputs" in project "C:\Program Files (x86)\Microsoft Visual Studio\2019\Community\MSBuild\Microsoft\VC\v160\Microsoft.MetaGen.targets" with target "ComputeMetaGenInputs" from project "C:\Program Files (x86)\Microsoft Visual Studio\2019\Community\MSBuild\Microsoft\VC\v160\Microsoft.CppCommon.targets".
       Overriding target "GetNativeManifest" in project "C:\Program Files (x86)\Microsoft Visual Studio\2019\Community\MSBuild\Current\Bin\Microsoft.Common.CurrentVersion.targets" with target "GetNativeManifest" from project "C:\Program Files (x86)\Microsoft Visual Studio\2019\Community\MSBuild\Microsoft\VC\v160\Microsoft.CppCommon.targets".
       Overriding target "GetTargetPathWithTargetPlatformMoniker" in project "C:\Program Files (x86)\Microsoft Visual Studio\2019\Community\MSBuild\Current\Bin\Microsoft.Common.CurrentVersion.targets" with target "GetTargetPathWithTargetPlatformMoniker" from project "C:\Program Files (x86)\Microsoft Visual Studio\2019\Community\MSBuild\Microsoft\VC\v160\Microsoft.Cpp.DesignTime.targets".
Build started 12/15/2021 1:57:27 AM.
Logging verbosity is set to: Detailed.     1>Project "C:\Users\Emi\Desktop\SNHU\21EW2\CS-330\Project\Project\Project.vcxproj" on node 2 (Clean target(s)).
     1>Building with tools version "Current".
       Target "EnableIntermediateOutputPathMismatchWarning" skipped, due to false condition; ('$(RestoreProjectStyle)' == 'PackageReference') was evaluated as ('' == 'PackageReference').
     1>Target "_CheckForInvalidConfigurationAndPlatform" in file "C:\Program Files (x86)\Microsoft Visual Studio\2019\Community\MSBuild\Current\Bin\Microsoft.Common.CurrentVersion.targets" from project "C:\Users\Emi\Desktop\SNHU\21EW2\CS-330\Project\Project\Project.vcxproj" (target "_PrepareForClean" depends on it):
       Task "Error" skipped, due to false condition; ( '$(_InvalidConfigurationError)' == 'true' ) was evaluated as ( '' == 'true' ).
       Task "Warning" skipped, due to false condition; ( '$(_InvalidConfigurationWarning)' == 'true' ) was evaluated as ( '' == 'true' ).
       Using "Message" task from assembly "Microsoft.Build.Tasks.Core, Version=15.1.0.0, Culture=neutral, PublicKeyToken=b03f5f7f11d50a3a".
       Task "Message"
         Configuration=Debug
       Done executing task "Message".
       Task "Message"
         Platform=Win32
       Done executing task "Message".
       Task "Error" skipped, due to false condition; ('$(OutDir)' != '' and !HasTrailingSlash('$(OutDir)')) was evaluated as ('C:\Users\Emi\Desktop\SNHU\21EW2\CS-330\Project\Debug\' != '' and !HasTrailingSlash('C:\Users\Emi\Desktop\SNHU\21EW2\CS-330\Project\Debug\')).
       Task "Error" skipped, due to false condition; ('$(IntermediateOutputPath)' != '' and !HasTrailingSlash('$(IntermediateOutputPath)')) was evaluated as ('Debug\' != '' and !HasTrailingSlash('Debug\')).
       Task "Error" skipped, due to false condition; ('$(BaseIntermediateOutputPath)' != '' and !HasTrailingSlash('$(BaseIntermediateOutputPath)')) was evaluated as ('obj\' != '' and !HasTrailingSlash('obj\')).
       Task "Error" skipped, due to false condition; ( '$(_InitialMSBuildProjectExtensionsPath)' != '' And '$(MSBuildProjectExtensionsPath)' != '$(_InitialMSBuildProjectExtensionsPath)' ) was evaluated as ( 'C:\Users\Emi\Desktop\SNHU\21EW2\CS-330\Project\Project\obj\' != '' And 'C:\Users\Emi\Desktop\SNHU\21EW2\CS-330\Project\Project\obj\' != 'C:\Users\Emi\Desktop\SNHU\21EW2\CS-330\Project\Project\obj\' ).
       Task "Warning" skipped, due to false condition; ( '$(EnableBaseIntermediateOutputPathMismatchWarning)' == 'true' And '$(_InitialBaseIntermediateOutputPath)' != '$(BaseIntermediateOutputPath)' And '$(BaseIntermediateOutputPath)' != '$(MSBuildProjectExtensionsPath)' ) was evaluated as ( '' == 'true' And 'obj\' != 'obj\' And 'obj\' != 'C:\Users\Emi\Desktop\SNHU\21EW2\CS-330\Project\Project\obj\' ).
     1>Done building target "_CheckForInvalidConfigurationAndPlatform" in project "Project.vcxproj".
     1>Target "_PrepareForClean" in file "C:\Program Files (x86)\Microsoft Visual Studio\2019\Community\MSBuild\Microsoft\VC\v160\Microsoft.BuildSteps.Targets" from project "C:\Users\Emi\Desktop\SNHU\21EW2\CS-330\Project\Project\Project.vcxproj" (target "Clean" depends on it):
       Task "Delete" skipped, due to false condition; (Exists($(LastBuildState))) was evaluated as (Exists(Debug\Project.tlog\Project.lastbuildstate)).
     1>Done building target "_PrepareForClean" in project "Project.vcxproj".
     1>Target "BeforeClean" in file "C:\Program Files (x86)\Microsoft Visual Studio\2019\Community\MSBuild\Current\Bin\Microsoft.Common.CurrentVersion.targets" from project "C:\Users\Emi\Desktop\SNHU\21EW2\CS-330\Project\Project\Project.vcxproj" (target "Clean" depends on it):
     1>Done building target "BeforeClean" in project "Project.vcxproj".
       Target "UnmanagedUnregistration" skipped, due to false condition; ((('$(_AssemblyTimestampBeforeCompile)' != '$(_AssemblyTimestampAfterCompile)' or '$(RegisterForComInterop)' != 'true' or '$(OutputType)' != 'library') or
                           ('$(_AssemblyTimestampBeforeCompile)' == '')) and
                          Exists('@(_UnmanagedRegistrationCache)')) was evaluated as ((('' != '' or '' != 'true' or 'exe' != 'library') or
                           ('' == '')) and
                          Exists('obj\Project.vcxproj.UnmanagedRegistration.cache')).
     1>Target "CoreClean" in file "C:\Program Files (x86)\Microsoft Visual Studio\2019\Community\MSBuild\Current\Bin\Microsoft.Common.CurrentVersion.targets" from project "C:\Users\Emi\Desktop\SNHU\21EW2\CS-330\Project\Project\Project.vcxproj" (target "Clean" depends on it):
       Using "Delete" task from assembly "Microsoft.Build.Tasks.Core, Version=15.1.0.0, Culture=neutral, PublicKeyToken=b03f5f7f11d50a3a".
       Task "Delete"
         File "Debug\\TempCA\Project.pdb" doesn't exist. Skipping.
         File "Debug\\TempCA\Project.exe" doesn't exist. Skipping.
       Done executing task "Delete".
       Using "ReadLinesFromFile" task from assembly "Microsoft.Build.Tasks.Core, Version=15.1.0.0, Culture=neutral, PublicKeyToken=b03f5f7f11d50a3a".
       Task "ReadLinesFromFile"
       Done executing task "ReadLinesFromFile".
       Using "FindUnderPath" task from assembly "Microsoft.Build.Tasks.Core, Version=15.1.0.0, Culture=neutral, PublicKeyToken=b03f5f7f11d50a3a".
       Task "FindUnderPath"
         Comparison path is "C:\Users\Emi\Desktop\SNHU\21EW2\CS-330\Project\Debug\".
       Done executing task "FindUnderPath".
       Task "FindUnderPath"
         Comparison path is "Debug\".
       Done executing task "FindUnderPath".
       Task "Delete"
       Done executing task "Delete".
       Using "RemoveDuplicates" task from assembly "Microsoft.Build.Tasks.Core, Version=15.1.0.0, Culture=neutral, PublicKeyToken=b03f5f7f11d50a3a".
       Task "RemoveDuplicates"
       Done executing task "RemoveDuplicates".
       Using "MakeDir" task from assembly "Microsoft.Build.Tasks.Core, Version=15.1.0.0, Culture=neutral, PublicKeyToken=b03f5f7f11d50a3a".
       Task "MakeDir"
       Done executing task "MakeDir".
       Using "WriteLinesToFile" task from assembly "Microsoft.Build.Tasks.Core, Version=15.1.0.0, Culture=neutral, PublicKeyToken=b03f5f7f11d50a3a".
       Task "WriteLinesToFile"
       Done executing task "WriteLinesToFile".
     1>Done building target "CoreClean" in project "Project.vcxproj".
     1>Target "AssignProjectConfiguration" in file "C:\Program Files (x86)\Microsoft Visual Studio\2019\Community\MSBuild\Current\Bin\Microsoft.Common.CurrentVersion.targets" from project "C:\Users\Emi\Desktop\SNHU\21EW2\CS-330\Project\Project\Project.vcxproj" (target "PrepareProjectReferences" depends on it):
       Using "AssignProjectConfiguration" task from assembly "Microsoft.Build.Tasks.Core, Version=15.1.0.0, Culture=neutral, PublicKeyToken=b03f5f7f11d50a3a".
       Task "AssignProjectConfiguration"
       Done executing task "AssignProjectConfiguration".
     1>Done building target "AssignProjectConfiguration" in project "Project.vcxproj".
     1>Target "_SplitProjectReferencesByFileExistence" in file "C:\Program Files (x86)\Microsoft Visual Studio\2019\Community\MSBuild\Current\Bin\Microsoft.Common.CurrentVersion.targets" from project "C:\Users\Emi\Desktop\SNHU\21EW2\CS-330\Project\Project\Project.vcxproj" (target "PrepareProjectReferences" depends on it):
       Task "ResolveNonMSBuildProjectOutput" skipped, due to false condition; ('$(BuildingInsideVisualStudio)'=='true' and '@(ProjectReferenceWithConfiguration)'!='') was evaluated as ('true'=='true' and ''!='').
     1>Done building target "_SplitProjectReferencesByFileExistence" in project "Project.vcxproj".
     1>Target "_AddOutputPathToGlobalPropertiesToRemove" in file "C:\Program Files (x86)\Microsoft Visual Studio\2019\Community\MSBuild\Current\Bin\Microsoft.Common.CurrentVersion.targets" from project "C:\Users\Emi\Desktop\SNHU\21EW2\CS-330\Project\Project\Project.vcxproj" (target "_GetProjectReferenceTargetFrameworkProperties" depends on it):
     1>Done building target "_AddOutputPathToGlobalPropertiesToRemove" in project "Project.vcxproj".
     1>Target "_GetProjectReferenceTargetFrameworkProperties" in file "C:\Program Files (x86)\Microsoft Visual Studio\2019\Community\MSBuild\Current\Bin\Microsoft.Common.CurrentVersion.targets" from project "C:\Users\Emi\Desktop\SNHU\21EW2\CS-330\Project\Project\Project.vcxproj" (target "PrepareProjectReferences" depends on it):
       Using "MSBuild" task from assembly "Microsoft.Build.Tasks.Core, Version=15.1.0.0, Culture=neutral, PublicKeyToken=b03f5f7f11d50a3a".
       Task "MSBuild"
       Done executing task "MSBuild".
       Task "GetReferenceNearestTargetFrameworkTask" skipped, due to false condition; ('@(_ProjectReferenceTargetFrameworkPossibilities->Count())' != '0' and '$(ReferringTargetFrameworkForProjectReferences)' != ''
                                                               And '$(GetReferenceNearestTargetFrameworkTaskSupportsTargetPlatformParameter)' == 'true') was evaluated as ('0' != '0' and '.NETFramework,Version=v4.0' != ''
                                                               And 'true' == 'true').
       Task "GetReferenceNearestTargetFrameworkTask" skipped, due to false condition; ('@(_ProjectReferenceTargetFrameworkPossibilities->Count())' != '0' and '$(ReferringTargetFrameworkForProjectReferences)' != ''
                                                               And '$(GetReferenceNearestTargetFrameworkTaskSupportsTargetPlatformParameter)' != 'true') was evaluated as ('0' != '0' and '.NETFramework,Version=v4.0' != ''
                                                               And 'true' != 'true').
     1>Done building target "_GetProjectReferenceTargetFrameworkProperties" in project "Project.vcxproj".
     1>Target "PrepareProjectReferences" in file "C:\Program Files (x86)\Microsoft Visual Studio\2019\Community\MSBuild\Current\Bin\Microsoft.Common.CurrentVersion.targets" from project "C:\Users\Emi\Desktop\SNHU\21EW2\CS-330\Project\Project\Project.vcxproj" (target "CleanReferencedProjects" depends on it):
     1>Done building target "PrepareProjectReferences" in project "Project.vcxproj".
     1>Target "CleanReferencedProjects" in file "C:\Program Files (x86)\Microsoft Visual Studio\2019\Community\MSBuild\Current\Bin\Microsoft.Common.CurrentVersion.targets" from project "C:\Users\Emi\Desktop\SNHU\21EW2\CS-330\Project\Project\Project.vcxproj" (target "Clean" depends on it):
       Task "MSBuild" skipped, due to false condition; ('$(BuildingInsideVisualStudio)' != 'true' and '$(BuildProjectReferences)' == 'true' and '@(_MSBuildProjectReferenceExistent)' != '') was evaluated as ('true' != 'true' and 'true' == 'true' and '' != '').
     1>Done building target "CleanReferencedProjects" in project "Project.vcxproj".
     1>Target "CleanPublishFolder" in file "C:\Program Files (x86)\Microsoft Visual Studio\2019\Community\MSBuild\Current\Bin\Microsoft.Common.CurrentVersion.targets" from project "C:\Users\Emi\Desktop\SNHU\21EW2\CS-330\Project\Project\Project.vcxproj" (target "Clean" depends on it):
       Task "RemoveDir" skipped, due to false condition; ('$(PublishDir)'=='$(OutputPath)app.publish\' and Exists('$(PublishDir)')) was evaluated as ('C:\Users\Emi\Desktop\SNHU\21EW2\CS-330\Project\Debug\app.publish\'=='C:\Users\Emi\Desktop\SNHU\21EW2\CS-330\Project\Debug\app.publish\' and Exists('C:\Users\Emi\Desktop\SNHU\21EW2\CS-330\Project\Debug\app.publish\')).
     1>Done building target "CleanPublishFolder" in project "Project.vcxproj".
     1>Target "AfterClean" in file "C:\Program Files (x86)\Microsoft Visual Studio\2019\Community\MSBuild\Current\Bin\Microsoft.Common.CurrentVersion.targets" from project "C:\Users\Emi\Desktop\SNHU\21EW2\CS-330\Project\Project\Project.vcxproj" (target "Clean" depends on it):
     1>Done building target "AfterClean" in project "Project.vcxproj".
       Target "EntityClean" skipped, due to false condition; ('@(EntityDeploy)' != '') was evaluated as ('' != '').
     1>Target "BeforeCppClean" in file "C:\Program Files (x86)\Microsoft Visual Studio\2019\Community\MSBuild\Microsoft\VC\v160\Microsoft.CppClean.targets" from project "C:\Users\Emi\Desktop\SNHU\21EW2\CS-330\Project\Project\Project.vcxproj" (target "CppClean" depends on it):
     1>Done building target "BeforeCppClean" in project "Project.vcxproj".
     1>Target "CoreCppClean" in file "C:\Program Files (x86)\Microsoft Visual Studio\2019\Community\MSBuild\Microsoft\VC\v160\Microsoft.CppClean.targets" from project "C:\Users\Emi\Desktop\SNHU\21EW2\CS-330\Project\Project\Project.vcxproj" (target "CppClean" depends on it):
       Task "MakeDir"
       Done executing task "MakeDir".
       Using "CppClean" task from assembly "C:\Program Files (x86)\Microsoft Visual Studio\2019\Community\MSBuild\Microsoft\VC\v160\Microsoft.Build.CppTasks.Common.dll".
       Task "CppClean"
       Done executing task "CppClean".
       Task "WriteLinesToFile"
       Done executing task "WriteLinesToFile".
     1>Done building target "CoreCppClean" in project "Project.vcxproj".
     1>Target "AfterCppClean" in file "C:\Program Files (x86)\Microsoft Visual Studio\2019\Community\MSBuild\Microsoft\VC\v160\Microsoft.CppClean.targets" from project "C:\Users\Emi\Desktop\SNHU\21EW2\CS-330\Project\Project\Project.vcxproj" (target "CppClean" depends on it):
     1>Done building target "AfterCppClean" in project "Project.vcxproj".
     1>Target "PGInstrumentedClean" in file "C:\Program Files (x86)\Microsoft Visual Studio\2019\Community\MSBuild\Microsoft\VC\v160\Microsoft.CppClean.targets" from project "C:\Users\Emi\Desktop\SNHU\21EW2\CS-330\Project\Project\Project.vcxproj" (target "CppClean" depends on it):
       Task "Delete"
       Done executing task "Delete".
     1>Done building target "PGInstrumentedClean" in project "Project.vcxproj".
     1>Target "CppClean" in file "C:\Program Files (x86)\Microsoft Visual Studio\2019\Community\MSBuild\Microsoft\VC\v160\Microsoft.CppClean.targets" from project "C:\Users\Emi\Desktop\SNHU\21EW2\CS-330\Project\Project\Project.vcxproj" (target "Clean" depends on it):
     1>Done building target "CppClean" in project "Project.vcxproj".
       Target "_CheckForInvalidConfigurationAndPlatform" skipped. Previously built successfully.
       Target "_CheckForInvalidConfigurationAndPlatform" skipped. Previously built successfully.
     1>Target "Clean" in file "C:\Program Files (x86)\Microsoft Visual Studio\2019\Community\MSBuild\Current\Bin\Microsoft.Common.CurrentVersion.targets" from project "C:\Users\Emi\Desktop\SNHU\21EW2\CS-330\Project\Project\Project.vcxproj" (entry point):
     1>Done building target "Clean" in project "Project.vcxproj".
     1>Done Building Project "C:\Users\Emi\Desktop\SNHU\21EW2\CS-330\Project\Project\Project.vcxproj" (Clean target(s)).

Build succeeded.
    0 Warning(s)
    0 Error(s)

Time Elapsed 00:00:00.01
